TN:
SF:src/config.js
FN:16,(anonymous_0)
FN:41,(anonymous_1)
FN:45,(anonymous_2)
FN:47,(anonymous_3)
FN:54,(anonymous_4)
FN:58,(anonymous_5)
FN:59,(anonymous_6)
FN:63,(anonymous_7)
FN:67,(anonymous_8)
FN:74,(anonymous_9)
FN:97,(anonymous_10)
FN:120,(anonymous_11)
FN:144,(anonymous_12)
FN:154,(anonymous_13)
FN:162,(anonymous_14)
FN:172,(anonymous_15)
FN:199,(anonymous_16)
FN:222,(anonymous_17)
FNF:18
FNH:0
FNDA:0,(anonymous_0)
FNDA:0,(anonymous_1)
FNDA:0,(anonymous_2)
FNDA:0,(anonymous_3)
FNDA:0,(anonymous_4)
FNDA:0,(anonymous_5)
FNDA:0,(anonymous_6)
FNDA:0,(anonymous_7)
FNDA:0,(anonymous_8)
FNDA:0,(anonymous_9)
FNDA:0,(anonymous_10)
FNDA:0,(anonymous_11)
FNDA:0,(anonymous_12)
FNDA:0,(anonymous_13)
FNDA:0,(anonymous_14)
FNDA:0,(anonymous_15)
FNDA:0,(anonymous_16)
FNDA:0,(anonymous_17)
DA:9,0
DA:17,0
DA:18,0
DA:38,0
DA:42,0
DA:46,0
DA:48,0
DA:49,0
DA:55,0
DA:59,0
DA:60,0
DA:64,0
DA:68,0
DA:74,0
DA:77,0
DA:78,0
DA:79,0
DA:80,0
DA:81,0
DA:82,0
DA:83,0
DA:84,0
DA:85,0
DA:86,0
DA:87,0
DA:94,0
DA:98,0
DA:100,0
DA:101,0
DA:110,0
DA:111,0
DA:112,0
DA:113,0
DA:115,0
DA:122,0
DA:127,0
DA:138,0
DA:139,0
DA:144,0
DA:153,0
DA:154,0
DA:155,0
DA:156,0
DA:157,0
DA:159,0
DA:163,0
DA:164,0
DA:165,0
DA:167,0
DA:168,0
DA:173,0
DA:183,0
DA:184,0
DA:185,0
DA:187,0
DA:188,0
DA:189,0
DA:190,0
DA:192,0
DA:195,0
DA:200,0
DA:201,0
DA:202,0
DA:205,0
DA:206,0
DA:209,0
DA:210,0
DA:213,0
DA:214,0
DA:217,0
DA:219,0
DA:223,0
DA:225,0
DA:226,0
DA:228,0
DA:231,0
LF:76
LH:0
BRDA:54,0,0,0
BRDA:58,1,0,0
BRDA:60,2,0,0
BRDA:60,2,1,0
BRDA:60,3,0,0
BRDA:60,3,1,0
BRDA:89,4,0,0
BRDA:89,4,1,0
BRDA:110,5,0,0
BRDA:110,5,1,0
BRDA:138,6,0,0
BRDA:138,6,1,0
BRDA:153,7,0,0
BRDA:153,7,1,0
BRDA:183,8,0,0
BRDA:183,8,1,0
BRDA:188,9,0,0
BRDA:188,9,1,0
BRDA:223,10,0,0
BRDA:223,10,1,0
BRDA:225,11,0,0
BRDA:225,11,1,0
BRF:22
BRH:0
end_of_record
TN:
SF:src/data/languages.js
FNF:0
FNH:0
DA:1,0
LF:1
LH:0
BRF:0
BRH:0
end_of_record
TN:
SF:src/services/addon-loader.js
FN:20,(anonymous_0)
FN:32,(anonymous_1)
FN:48,(anonymous_2)
FN:63,(anonymous_3)
FN:71,(anonymous_4)
FN:80,(anonymous_5)
FN:108,(anonymous_6)
FN:131,(anonymous_7)
FN:179,(anonymous_8)
FN:186,(anonymous_9)
FN:194,(anonymous_10)
FN:223,(anonymous_11)
FN:236,(anonymous_12)
FN:243,(anonymous_13)
FN:251,(anonymous_14)
FN:259,(anonymous_15)
FN:268,(anonymous_16)
FN:285,(anonymous_17)
FN:295,(anonymous_18)
FN:307,(anonymous_19)
FN:315,(anonymous_20)
FN:331,(anonymous_21)
FN:339,(anonymous_22)
FN:351,(anonymous_23)
FN:372,(anonymous_24)
FN:376,(anonymous_25)
FN:386,(anonymous_26)
FN:396,(anonymous_27)
FN:398,(anonymous_28)
FN:399,(anonymous_29)
FN:408,(anonymous_30)
FN:409,(anonymous_31)
FN:419,(anonymous_32)
FNF:33
FNH:33
FNDA:69,(anonymous_0)
FNDA:74,(anonymous_1)
FNDA:7,(anonymous_2)
FNDA:8,(anonymous_3)
FNDA:1,(anonymous_4)
FNDA:3,(anonymous_5)
FNDA:2,(anonymous_6)
FNDA:1,(anonymous_7)
FNDA:2,(anonymous_8)
FNDA:2,(anonymous_9)
FNDA:4,(anonymous_10)
FNDA:4,(anonymous_11)
FNDA:21,(anonymous_12)
FNDA:11,(anonymous_13)
FNDA:3,(anonymous_14)
FNDA:2,(anonymous_15)
FNDA:5,(anonymous_16)
FNDA:3,(anonymous_17)
FNDA:3,(anonymous_18)
FNDA:14,(anonymous_19)
FNDA:5,(anonymous_20)
FNDA:1,(anonymous_21)
FNDA:2,(anonymous_22)
FNDA:2,(anonymous_23)
FNDA:3,(anonymous_24)
FNDA:1,(anonymous_25)
FNDA:3,(anonymous_26)
FNDA:1,(anonymous_27)
FNDA:2,(anonymous_28)
FNDA:1,(anonymous_29)
FNDA:1,(anonymous_30)
FNDA:2,(anonymous_31)
FNDA:1,(anonymous_32)
DA:16,1
DA:17,1
DA:21,69
DA:22,69
DA:23,69
DA:24,69
DA:25,69
DA:26,69
DA:33,74
DA:34,74
DA:35,4
DA:36,4
DA:42,72
DA:49,7
DA:50,7
DA:51,6
DA:52,6
DA:54,7
DA:56,5
DA:65,8
DA:72,1
DA:73,1
DA:74,1
DA:81,3
DA:82,3
DA:85,3
DA:86,1
DA:90,3
DA:91,3
DA:92,3
DA:93,3
DA:95,3
DA:96,3
DA:97,6
DA:102,3
DA:109,2
DA:110,1
DA:111,1
DA:114,1
DA:115,1
DA:117,1
DA:118,2
DA:119,1
DA:120,1
DA:124,1
DA:132,1
DA:134,1
DA:135,0
DA:136,0
DA:139,1
DA:140,1
DA:142,1
DA:143,0
DA:144,0
DA:148,1
DA:151,1
DA:152,0
DA:153,0
DA:157,1
DA:158,0
DA:162,1
DA:163,0
DA:164,0
DA:168,1
DA:169,1
DA:171,0
DA:172,0
DA:180,2
DA:187,2
DA:188,2
DA:196,4
DA:197,1
DA:198,1
DA:199,1
DA:203,4
DA:204,4
DA:205,1
DA:206,1
DA:210,3
DA:211,1
DA:214,3
DA:215,3
DA:217,4
DA:224,4
DA:225,3
DA:226,3
DA:227,1
DA:229,3
DA:237,21
DA:244,11
DA:245,11
DA:252,3
DA:253,3
DA:260,2
DA:261,2
DA:270,5
DA:271,2
DA:273,3
DA:274,3
DA:275,1
DA:277,2
DA:278,2
DA:286,3
DA:287,3
DA:288,2
DA:296,3
DA:297,3
DA:298,1
DA:300,2
DA:301,2
DA:308,14
DA:309,12
DA:316,5
DA:317,5
DA:319,2
DA:320,2
DA:322,3
DA:323,3
DA:325,2
DA:332,1
DA:333,1
DA:340,2
DA:341,2
DA:342,2
DA:344,2
DA:352,2
DA:353,2
DA:356,2
DA:357,2
DA:358,3
DA:363,2
DA:364,2
DA:366,2
DA:373,3
DA:374,3
DA:376,1
DA:387,3
DA:388,3
DA:390,1
DA:397,1
DA:398,2
DA:399,1
DA:409,2
DA:420,1
LF:144
LH:133
BRDA:34,0,0,4
BRDA:34,0,1,70
BRDA:50,1,0,6
BRDA:50,1,1,1
BRDA:85,2,0,1
BRDA:85,2,1,2
BRDA:91,3,0,3
BRDA:91,3,1,0
BRDA:91,4,0,3
BRDA:91,4,1,3
BRDA:92,5,0,3
BRDA:92,5,1,0
BRDA:95,6,0,3
BRDA:95,6,1,0
BRDA:109,7,0,1
BRDA:109,7,1,1
BRDA:118,8,0,1
BRDA:118,8,1,1
BRDA:120,9,0,1
BRDA:120,9,1,0
BRDA:134,10,0,0
BRDA:134,10,1,1
BRDA:142,11,0,0
BRDA:142,11,1,1
BRDA:151,12,0,0
BRDA:151,12,1,1
BRDA:152,13,0,0
BRDA:152,13,1,0
BRDA:157,14,0,0
BRDA:157,14,1,1
BRDA:162,15,0,0
BRDA:162,15,1,1
BRDA:168,16,0,1
BRDA:168,16,1,0
BRDA:168,17,0,1
BRDA:168,17,1,0
BRDA:188,18,0,1
BRDA:188,18,1,1
BRDA:196,19,0,1
BRDA:196,19,1,3
BRDA:198,20,0,1
BRDA:198,20,1,0
BRDA:198,21,0,1
BRDA:198,21,1,1
BRDA:204,22,0,1
BRDA:204,22,1,3
BRDA:210,23,0,1
BRDA:210,23,1,2
BRDA:215,24,0,3
BRDA:215,24,1,0
BRDA:224,25,0,3
BRDA:224,25,1,1
BRDA:226,26,0,1
BRDA:226,26,1,2
BRDA:226,27,0,3
BRDA:226,27,1,3
BRDA:237,28,0,16
BRDA:237,28,1,5
BRDA:245,29,0,9
BRDA:245,29,1,2
BRDA:253,30,0,2
BRDA:253,30,1,1
BRDA:261,31,0,2
BRDA:261,31,1,0
BRDA:270,32,0,2
BRDA:270,32,1,3
BRDA:274,33,0,1
BRDA:274,33,1,2
BRDA:274,34,0,3
BRDA:274,34,1,1
BRDA:278,35,0,2
BRDA:278,35,1,0
BRDA:287,36,0,2
BRDA:287,36,1,1
BRDA:287,37,0,3
BRDA:287,37,1,2
BRDA:297,38,0,1
BRDA:297,38,1,2
BRDA:297,39,0,3
BRDA:297,39,1,1
BRDA:301,40,0,2
BRDA:301,40,1,0
BRDA:308,41,0,2
BRDA:308,41,1,12
BRDA:309,42,0,12
BRDA:309,42,1,7
BRDA:317,43,0,3
BRDA:317,43,1,2
BRDA:317,44,0,5
BRDA:317,44,1,2
BRDA:322,45,0,1
BRDA:322,45,1,2
BRDA:356,46,0,2
BRDA:356,46,1,0
BRDA:356,47,0,2
BRDA:356,47,1,2
BRDA:374,48,0,2
BRDA:374,48,1,1
BRDA:374,49,0,3
BRDA:374,49,1,2
BRDA:388,50,0,2
BRDA:388,50,1,1
BRDA:388,51,0,3
BRDA:388,51,1,2
BRF:104
BRH:85
end_of_record
TN:
SF:src/services/commands.js
FN:41,(anonymous_0)
FN:50,(anonymous_1)
FN:74,(anonymous_2)
FN:84,(anonymous_3)
FN:85,(anonymous_4)
FN:105,(anonymous_5)
FN:118,(anonymous_6)
FN:141,(anonymous_7)
FN:171,(anonymous_8)
FN:190,(anonymous_9)
FN:200,(anonymous_10)
FN:237,(anonymous_11)
FN:244,(anonymous_12)
FN:248,(anonymous_13)
FN:266,(anonymous_14)
FN:267,(anonymous_15)
FN:277,(anonymous_16)
FN:284,(anonymous_17)
FN:296,(anonymous_18)
FN:317,(anonymous_19)
FN:345,(anonymous_20)
FN:353,(anonymous_21)
FNF:22
FNH:22
FNDA:48,(anonymous_0)
FNDA:3,(anonymous_1)
FNDA:34,(anonymous_2)
FNDA:39,(anonymous_3)
FNDA:56,(anonymous_4)
FNDA:147,(anonymous_5)
FNDA:9,(anonymous_6)
FNDA:6,(anonymous_7)
FNDA:3,(anonymous_8)
FNDA:6,(anonymous_9)
FNDA:2,(anonymous_10)
FNDA:4,(anonymous_11)
FNDA:5,(anonymous_12)
FNDA:1,(anonymous_13)
FNDA:12,(anonymous_14)
FNDA:11,(anonymous_15)
FNDA:1,(anonymous_16)
FNDA:12,(anonymous_17)
FNDA:2,(anonymous_18)
FNDA:2,(anonymous_19)
FNDA:1,(anonymous_20)
FNDA:2,(anonymous_21)
DA:16,2
DA:21,2
DA:42,48
DA:43,48
DA:44,48
DA:51,3
DA:52,3
DA:53,2
DA:55,1
DA:59,1
DA:62,2
DA:63,2
DA:66,1
DA:67,1
DA:76,34
DA:77,34
DA:78,39
DA:79,56
DA:84,34
DA:85,56
DA:92,34
DA:106,147
DA:119,9
DA:120,9
DA:122,9
DA:123,6
DA:124,6
DA:125,6
DA:133,3
DA:142,6
DA:144,5
DA:145,5
DA:147,5
DA:148,3
DA:149,3
DA:151,3
DA:152,3
DA:154,3
DA:163,2
DA:173,3
DA:174,3
DA:177,2
DA:178,2
DA:180,1
DA:191,6
DA:194,6
DA:195,1
DA:196,1
DA:200,5
DA:202,5
DA:204,1
DA:205,1
DA:208,4
DA:217,4
DA:221,5
DA:222,5
DA:223,5
DA:225,5
DA:226,5
DA:228,5
DA:229,5
DA:238,4
DA:239,4
DA:241,4
DA:244,5
DA:247,3
DA:248,1
DA:251,3
DA:252,3
DA:253,3
DA:255,3
DA:256,3
DA:258,3
DA:259,3
DA:267,12
DA:268,12
DA:269,11
DA:270,11
DA:278,1
DA:285,12
DA:286,12
DA:287,2
DA:289,12
DA:297,2
DA:301,2
DA:318,2
DA:320,1
DA:322,1
DA:323,2
DA:334,1
DA:335,1
DA:336,1
DA:338,1
DA:346,1
DA:354,2
DA:359,2
LF:96
LH:96
BRDA:52,0,0,2
BRDA:52,0,1,1
BRDA:122,1,0,6
BRDA:122,1,1,3
BRDA:142,2,0,1
BRDA:142,2,1,5
BRDA:147,3,0,3
BRDA:147,3,1,2
BRDA:147,4,0,5
BRDA:147,4,1,3
BRDA:174,5,0,1
BRDA:174,5,1,2
BRDA:178,6,0,1
BRDA:178,6,1,1
BRDA:178,7,0,2
BRDA:178,7,1,1
BRDA:190,8,0,6
BRDA:194,9,0,1
BRDA:194,9,1,5
BRDA:202,10,0,1
BRDA:202,10,1,4
BRDA:213,11,0,1
BRDA:213,11,1,3
BRDA:241,12,0,1
BRDA:241,12,1,3
BRDA:247,13,0,1
BRDA:247,13,1,2
BRDA:268,14,0,11
BRDA:268,14,1,1
BRDA:269,15,0,11
BRDA:269,15,1,10
BRDA:286,16,0,2
BRDA:286,16,1,10
BRDA:306,17,0,1
BRDA:306,17,1,1
BRDA:307,18,0,1
BRDA:307,18,1,1
BRDA:308,19,0,1
BRDA:308,19,1,1
BRDA:318,20,0,1
BRDA:318,20,1,1
BRF:41
BRH:41
end_of_record
TN:
SF:src/services/context-window.js
FN:36,(anonymous_0)
FN:45,(anonymous_1)
FN:61,(anonymous_2)
FN:71,(anonymous_3)
FN:80,(anonymous_4)
FN:89,(anonymous_5)
FN:103,(anonymous_6)
FN:117,(anonymous_7)
FN:119,(anonymous_8)
FN:126,(anonymous_9)
FN:139,(anonymous_10)
FN:153,(anonymous_11)
FN:155,(anonymous_12)
FN:163,(anonymous_13)
FN:165,(anonymous_14)
FN:176,(anonymous_15)
FN:193,(anonymous_16)
FN:201,(anonymous_17)
FN:209,(anonymous_18)
FN:210,(anonymous_19)
FN:211,(anonymous_20)
FN:212,(anonymous_21)
FNF:22
FNH:22
FNDA:39,(anonymous_0)
FNDA:56,(anonymous_1)
FNDA:23,(anonymous_2)
FNDA:15,(anonymous_3)
FNDA:8,(anonymous_4)
FNDA:3,(anonymous_5)
FNDA:2,(anonymous_6)
FNDA:10,(anonymous_7)
FNDA:12,(anonymous_8)
FNDA:2,(anonymous_9)
FNDA:2,(anonymous_10)
FNDA:3,(anonymous_11)
FNDA:1,(anonymous_12)
FNDA:4,(anonymous_13)
FNDA:3,(anonymous_14)
FNDA:4,(anonymous_15)
FNDA:1,(anonymous_16)
FNDA:1,(anonymous_17)
FNDA:3,(anonymous_18)
FNDA:6,(anonymous_19)
FNDA:6,(anonymous_20)
FNDA:6,(anonymous_21)
DA:37,39
DA:38,39
DA:46,56
DA:52,56
DA:53,1
DA:62,23
DA:72,15
DA:81,8
DA:90,3
DA:104,2
DA:118,10
DA:119,12
DA:127,2
DA:128,3
DA:129,1
DA:132,1
DA:140,2
DA:141,2
DA:142,1
DA:145,1
DA:154,3
DA:155,3
DA:164,4
DA:165,4
DA:166,3
DA:177,4
DA:178,4
DA:179,8
DA:180,3
DA:181,3
DA:183,5
DA:184,2
DA:187,2
DA:194,1
DA:202,1
DA:210,6
DA:211,6
DA:212,3
DA:213,6
DA:216,3
DA:229,1
LF:41
LH:41
BRDA:36,0,0,39
BRDA:52,1,0,1
BRDA:52,1,1,55
BRDA:71,2,0,15
BRDA:80,3,0,8
BRDA:93,4,0,1
BRDA:93,4,1,2
BRDA:117,5,0,10
BRDA:128,6,0,1
BRDA:128,6,1,2
BRDA:141,7,0,1
BRDA:141,7,1,1
BRDA:153,8,0,3
BRDA:163,9,0,4
BRDA:166,10,0,3
BRDA:166,10,1,2
BRDA:166,10,2,2
BRDA:166,10,3,1
BRDA:179,11,0,3
BRDA:179,11,1,5
BRDA:183,12,0,2
BRDA:183,12,1,3
BRDA:183,13,0,5
BRDA:183,13,1,2
BRDA:221,14,0,1
BRDA:221,14,1,2
BRF:26
BRH:26
end_of_record
TN:
SF:src/services/hotkey.js
FN:20,(anonymous_0)
FN:31,(anonymous_1)
FN:46,(anonymous_2)
FN:61,(anonymous_3)
FN:68,(anonymous_4)
FN:76,(anonymous_5)
FN:80,(anonymous_6)
FN:97,(anonymous_7)
FN:124,(anonymous_8)
FN:129,(anonymous_9)
FN:150,(anonymous_10)
FN:156,(anonymous_11)
FN:163,(anonymous_12)
FNF:13
FNH:0
FNDA:0,(anonymous_0)
FNDA:0,(anonymous_1)
FNDA:0,(anonymous_2)
FNDA:0,(anonymous_3)
FNDA:0,(anonymous_4)
FNDA:0,(anonymous_5)
FNDA:0,(anonymous_6)
FNDA:0,(anonymous_7)
FNDA:0,(anonymous_8)
FNDA:0,(anonymous_9)
FNDA:0,(anonymous_10)
FNDA:0,(anonymous_11)
FNDA:0,(anonymous_12)
DA:10,0
DA:17,0
DA:21,0
DA:22,0
DA:23,0
DA:24,0
DA:25,0
DA:32,0
DA:33,0
DA:34,0
DA:35,0
DA:38,0
DA:40,0
DA:47,0
DA:48,0
DA:49,0
DA:50,0
DA:52,0
DA:54,0
DA:62,0
DA:69,0
DA:70,0
DA:77,0
DA:78,0
DA:79,0
DA:80,0
DA:81,0
DA:82,0
DA:83,0
DA:84,0
DA:85,0
DA:89,0
DA:90,0
DA:91,0
DA:92,0
DA:94,0
DA:98,0
DA:101,0
DA:104,0
DA:105,0
DA:106,0
DA:109,0
DA:110,0
DA:111,0
DA:116,0
DA:117,0
DA:119,0
DA:124,0
DA:125,0
DA:128,0
DA:129,0
DA:130,0
DA:131,0
DA:133,0
DA:135,0
DA:136,0
DA:137,0
DA:138,0
DA:139,0
DA:140,0
DA:141,0
DA:142,0
DA:143,0
DA:144,0
DA:145,0
DA:146,0
DA:150,0
DA:151,0
DA:152,0
DA:157,0
DA:158,0
DA:159,0
DA:164,0
DA:168,0
LF:74
LH:0
BRDA:33,0,0,0
BRDA:33,0,1,0
BRDA:49,1,0,0
BRDA:49,1,1,0
BRDA:77,2,0,0
BRDA:77,2,1,0
BRDA:78,3,0,0
BRDA:78,3,1,0
BRDA:79,4,0,0
BRDA:79,4,1,0
BRDA:81,5,0,0
BRDA:81,5,1,0
BRDA:82,6,0,0
BRDA:82,6,1,0
BRDA:83,7,0,0
BRDA:83,7,1,0
BRDA:84,8,0,0
BRDA:84,8,1,0
BRDA:90,9,0,0
BRDA:90,9,1,0
BRDA:91,10,0,0
BRDA:91,10,1,0
BRDA:92,11,0,0
BRDA:92,11,1,0
BRDA:94,12,0,0
BRDA:94,12,1,0
BRDA:98,13,0,0
BRDA:98,13,1,0
BRDA:131,14,0,0
BRDA:131,14,1,0
BRDA:135,15,0,0
BRDA:135,15,1,0
BRDA:137,16,0,0
BRDA:137,16,1,0
BRDA:139,17,0,0
BRDA:139,17,1,0
BRDA:141,18,0,0
BRDA:141,18,1,0
BRDA:143,19,0,0
BRDA:143,19,1,0
BRDA:145,20,0,0
BRDA:145,20,1,0
BRDA:157,21,0,0
BRDA:157,21,1,0
BRDA:163,22,0,0
BRDA:166,23,0,0
BRDA:166,23,1,0
BRF:47
BRH:0
end_of_record
TN:
SF:src/services/intent-resolver.js
FN:110,(anonymous_0)
FN:119,(anonymous_1)
FN:136,(anonymous_2)
FN:200,(anonymous_3)
FN:218,(anonymous_4)
FN:231,(anonymous_5)
FN:240,(anonymous_6)
FN:254,(anonymous_7)
FN:258,(anonymous_8)
FN:274,(anonymous_9)
FN:305,(anonymous_10)
FN:323,(anonymous_11)
FN:382,(anonymous_12)
FN:383,(anonymous_13)
FN:399,(anonymous_14)
FN:403,(anonymous_15)
FN:407,(anonymous_16)
FN:415,(anonymous_17)
FN:421,(anonymous_18)
FN:438,(anonymous_19)
FN:447,(anonymous_20)
FN:452,(anonymous_21)
FN:466,(anonymous_22)
FN:470,(anonymous_23)
FN:485,(anonymous_24)
FN:518,createIntentResolver
FN:552,createIntentResolverAsync
FNF:27
FNH:25
FNDA:21,(anonymous_0)
FNDA:20,(anonymous_1)
FNDA:17,(anonymous_2)
FNDA:14,(anonymous_3)
FNDA:13,(anonymous_4)
FNDA:21,(anonymous_5)
FNDA:1,(anonymous_6)
FNDA:17,(anonymous_7)
FNDA:14,(anonymous_8)
FNDA:0,(anonymous_9)
FNDA:12,(anonymous_10)
FNDA:7,(anonymous_11)
FNDA:5,(anonymous_12)
FNDA:5,(anonymous_13)
FNDA:3,(anonymous_14)
FNDA:1,(anonymous_15)
FNDA:4,(anonymous_16)
FNDA:1,(anonymous_17)
FNDA:3,(anonymous_18)
FNDA:2,(anonymous_19)
FNDA:1,(anonymous_20)
FNDA:1,(anonymous_21)
FNDA:7,(anonymous_22)
FNDA:3,(anonymous_23)
FNDA:0,(anonymous_24)
FNDA:6,createIntentResolver
FNDA:6,createIntentResolverAsync
DA:24,1
DA:70,1
DA:111,21
DA:112,1
DA:114,20
DA:115,20
DA:116,20
DA:120,20
DA:121,20
DA:122,20
DA:137,17
DA:140,17
DA:141,17
DA:142,2
DA:143,2
DA:146,15
DA:147,15
DA:149,15
DA:150,15
DA:154,17
DA:166,14
DA:167,14
DA:170,14
DA:171,17
DA:174,17
DA:183,17
DA:185,17
DA:188,1
DA:189,1
DA:191,1
DA:201,14
DA:202,14
DA:205,2
DA:206,2
DA:207,1
DA:209,1
DA:219,13
DA:222,13
DA:224,11
DA:231,21
DA:234,2
DA:241,1
DA:255,17
DA:260,14
DA:261,1
DA:262,1
DA:264,14
DA:276,0
DA:277,0
DA:278,0
DA:286,0
DA:289,0
DA:290,0
DA:294,0
DA:296,0
DA:306,12
DA:307,12
DA:308,12
DA:309,12
DA:324,7
DA:327,7
DA:328,7
DA:329,2
DA:330,2
DA:333,5
DA:334,5
DA:336,5
DA:337,5
DA:341,7
DA:343,7
DA:344,3
DA:345,3
DA:348,3
DA:351,3
DA:360,7
DA:362,7
DA:365,2
DA:366,2
DA:368,2
DA:383,5
DA:385,5
DA:392,5
DA:396,5
DA:397,5
DA:399,5
DA:400,3
DA:403,5
DA:404,1
DA:407,5
DA:408,4
DA:409,3
DA:411,1
DA:415,5
DA:416,1
DA:422,3
DA:423,3
DA:426,0
DA:427,0
DA:428,0
DA:429,0
DA:434,0
DA:439,2
DA:440,2
DA:441,1
DA:447,1
DA:449,1
DA:453,1
DA:467,7
DA:471,3
DA:472,0
DA:473,0
DA:475,3
DA:487,0
DA:488,0
DA:489,0
DA:497,0
DA:500,0
DA:501,0
DA:505,0
DA:507,0
DA:519,6
DA:522,6
DA:523,1
DA:526,5
DA:527,3
DA:528,3
DA:529,1
DA:531,2
DA:535,2
DA:536,6
DA:537,1
DA:541,1
DA:553,6
DA:556,6
DA:557,1
DA:561,5
DA:563,6
DA:565,4
DA:566,4
DA:568,1
DA:572,5
DA:573,1
DA:574,1
DA:576,0
DA:580,4
DA:581,2
DA:585,2
LF:147
LH:123
BRDA:111,0,0,1
BRDA:111,0,1,20
BRDA:136,1,0,17
BRDA:141,2,0,2
BRDA:141,2,1,15
BRDA:150,3,0,3
BRDA:150,3,1,12
BRDA:170,4,0,14
BRDA:170,4,1,0
BRDA:175,5,0,17
BRDA:175,5,1,0
BRDA:175,5,2,0
BRDA:176,6,0,17
BRDA:176,6,1,1
BRDA:177,7,0,17
BRDA:177,7,1,13
BRDA:206,8,0,1
BRDA:206,8,1,1
BRDA:222,9,0,11
BRDA:222,9,1,2
BRDA:245,10,0,1
BRDA:245,10,1,0
BRDA:248,11,0,1
BRDA:248,11,1,0
BRDA:255,12,0,17
BRDA:255,12,1,14
BRDA:260,13,0,1
BRDA:260,13,1,13
BRDA:274,14,0,0
BRDA:277,15,0,0
BRDA:277,15,1,0
BRDA:277,16,0,0
BRDA:277,16,1,0
BRDA:289,17,0,0
BRDA:289,17,1,0
BRDA:289,18,0,0
BRDA:289,18,1,0
BRDA:289,18,2,0
BRDA:289,18,3,0
BRDA:323,19,0,7
BRDA:328,20,0,2
BRDA:328,20,1,5
BRDA:337,21,0,0
BRDA:337,21,1,5
BRDA:352,22,0,3
BRDA:352,22,1,0
BRDA:352,22,2,0
BRDA:353,23,0,7
BRDA:353,23,1,0
BRDA:354,24,0,7
BRDA:354,24,1,3
BRDA:408,25,0,3
BRDA:408,25,1,1
BRDA:411,26,0,1
BRDA:411,26,1,0
BRDA:427,27,0,0
BRDA:427,27,1,0
BRDA:440,28,0,1
BRDA:440,28,1,1
BRDA:457,29,0,1
BRDA:457,29,1,0
BRDA:460,30,0,1
BRDA:460,30,1,0
BRDA:467,31,0,7
BRDA:467,31,1,7
BRDA:471,32,0,0
BRDA:471,32,1,3
BRDA:485,33,0,0
BRDA:488,34,0,0
BRDA:488,34,1,0
BRDA:488,35,0,0
BRDA:488,35,1,0
BRDA:500,36,0,0
BRDA:500,36,1,0
BRDA:500,37,0,0
BRDA:500,37,1,0
BRDA:500,37,2,0
BRDA:500,37,3,0
BRDA:518,38,0,6
BRDA:522,39,0,1
BRDA:522,39,1,5
BRDA:526,40,0,3
BRDA:526,40,1,2
BRDA:527,41,0,3
BRDA:527,41,1,2
BRDA:528,42,0,1
BRDA:528,42,1,2
BRDA:535,43,0,2
BRDA:535,43,1,1
BRDA:536,44,0,1
BRDA:536,44,1,5
BRDA:552,45,0,6
BRDA:556,46,0,1
BRDA:556,46,1,5
BRDA:561,47,0,5
BRDA:561,47,1,4
BRDA:563,48,0,4
BRDA:563,48,1,2
BRDA:572,49,0,1
BRDA:572,49,1,4
BRDA:573,50,0,1
BRDA:573,50,1,0
BRDA:580,51,0,2
BRDA:580,51,1,2
BRF:104
BRH:66
end_of_record
TN:
SF:src/services/learning-loop.js
FN:84,(anonymous_0)
FN:100,(anonymous_1)
FN:109,(anonymous_2)
FN:116,(anonymous_3)
FN:133,(anonymous_4)
FN:156,(anonymous_5)
FN:170,(anonymous_6)
FN:171,(anonymous_7)
FN:189,(anonymous_8)
FN:190,(anonymous_9)
FN:213,(anonymous_10)
FN:247,(anonymous_11)
FN:269,(anonymous_12)
FN:296,(anonymous_13)
FN:337,(anonymous_14)
FN:359,(anonymous_15)
FN:379,(anonymous_16)
FN:405,(anonymous_17)
FN:433,(anonymous_18)
FN:449,(anonymous_19)
FN:463,(anonymous_20)
FN:472,(anonymous_21)
FN:479,(anonymous_22)
FN:496,(anonymous_23)
FN:532,(anonymous_24)
FN:534,(anonymous_25)
FN:543,(anonymous_26)
FN:552,(anonymous_27)
FNF:28
FNH:28
FNDA:67,(anonymous_0)
FNDA:64,(anonymous_1)
FNDA:22,(anonymous_2)
FNDA:120,(anonymous_3)
FNDA:15,(anonymous_4)
FNDA:1,(anonymous_5)
FNDA:4,(anonymous_6)
FNDA:3,(anonymous_7)
FNDA:10,(anonymous_8)
FNDA:10,(anonymous_9)
FNDA:20,(anonymous_10)
FNDA:5,(anonymous_11)
FNDA:15,(anonymous_12)
FNDA:3,(anonymous_13)
FNDA:9,(anonymous_14)
FNDA:2,(anonymous_15)
FNDA:2,(anonymous_16)
FNDA:4,(anonymous_17)
FNDA:14,(anonymous_18)
FNDA:1,(anonymous_19)
FNDA:4,(anonymous_20)
FNDA:3,(anonymous_21)
FNDA:64,(anonymous_22)
FNDA:5,(anonymous_23)
FNDA:3,(anonymous_24)
FNDA:11,(anonymous_25)
FNDA:6,(anonymous_26)
FNDA:6,(anonymous_27)
DA:18,1
DA:29,1
DA:34,1
DA:39,1
DA:52,1
DA:63,1
DA:72,1
DA:85,67
DA:86,67
DA:87,67
DA:88,67
DA:89,67
DA:92,67
DA:93,67
DA:94,67
DA:101,64
DA:102,64
DA:103,64
DA:110,22
DA:117,120
DA:118,120
DA:119,120
DA:120,120
DA:121,120
DA:135,15
DA:136,15
DA:139,15
DA:140,1
DA:144,15
DA:153,15
DA:156,15
DA:157,1
DA:158,1
DA:159,1
DA:160,1
DA:171,4
DA:172,4
DA:173,3
DA:174,3
DA:175,3
DA:176,3
DA:177,3
DA:181,4
DA:190,10
DA:191,10
DA:192,10
DA:195,10
DA:196,1
DA:197,1
DA:199,9
DA:201,10
DA:205,10
DA:214,20
DA:217,20
DA:218,9
DA:222,11
DA:223,4
DA:227,7
DA:229,6
DA:230,2
DA:231,2
DA:235,4
DA:236,4
DA:237,3
DA:241,2
DA:248,5
DA:251,4
DA:252,4
DA:253,4
DA:256,4
DA:257,4
DA:259,4
DA:260,4
DA:261,4
DA:271,15
DA:272,53
DA:273,53
DA:274,8
DA:282,7
DA:283,3
DA:289,4
DA:297,3
DA:298,0
DA:302,3
DA:303,3
DA:304,3
DA:307,3
DA:310,3
DA:312,3
DA:314,2
DA:318,2
DA:319,2
DA:321,2
DA:322,2
DA:325,1
DA:326,1
DA:328,1
DA:329,1
DA:338,9
DA:339,0
DA:340,0
DA:344,9
DA:345,9
DA:346,9
DA:349,9
DA:351,9
DA:353,6
DA:354,6
DA:356,6
DA:359,6
DA:360,6
DA:361,2
DA:362,2
DA:365,6
DA:366,6
DA:367,6
DA:369,6
DA:370,6
DA:371,6
DA:374,3
DA:376,3
DA:379,3
DA:380,3
DA:381,2
DA:382,2
DA:386,3
DA:387,3
DA:389,3
DA:390,3
DA:391,3
DA:392,3
DA:397,0
DA:398,0
DA:406,4
DA:407,1
DA:408,1
DA:411,3
DA:415,3
DA:417,3
DA:418,3
DA:421,3
DA:422,3
DA:423,3
DA:434,14
DA:441,14
DA:444,14
DA:445,13
DA:449,14
DA:450,1
DA:451,1
DA:452,1
DA:453,1
DA:464,4
DA:473,3
DA:480,64
DA:481,7
DA:482,7
DA:484,64
DA:485,5
DA:486,5
DA:488,64
DA:489,64
DA:490,64
DA:497,5
DA:498,5
DA:500,5
DA:501,5
DA:502,5
DA:503,5
DA:504,4
DA:506,4
DA:507,3
DA:509,3
DA:511,2
DA:512,2
DA:513,2
DA:519,5
DA:520,2
DA:521,2
DA:524,5
DA:533,3
DA:534,11
DA:544,6
DA:553,6
DA:558,1
LF:185
LH:180
BRDA:120,0,0,120
BRDA:120,0,1,0
BRDA:139,1,0,1
BRDA:139,1,1,14
BRDA:157,2,0,1
BRDA:157,2,1,0
BRDA:172,3,0,3
BRDA:172,3,1,1
BRDA:174,4,0,3
BRDA:174,4,1,1
BRDA:191,5,0,10
BRDA:191,5,1,0
BRDA:195,6,0,1
BRDA:195,6,1,9
BRDA:195,7,0,10
BRDA:195,7,1,1
BRDA:217,8,0,9
BRDA:217,8,1,11
BRDA:222,9,0,4
BRDA:222,9,1,7
BRDA:227,10,0,6
BRDA:227,10,1,1
BRDA:229,11,0,2
BRDA:229,11,1,4
BRDA:229,12,0,6
BRDA:229,12,1,5
BRDA:236,13,0,3
BRDA:236,13,1,1
BRDA:248,14,0,1
BRDA:248,14,1,4
BRDA:251,15,0,4
BRDA:251,15,1,0
BRDA:273,16,0,8
BRDA:273,16,1,45
BRDA:282,17,0,3
BRDA:282,17,1,4
BRDA:297,18,0,0
BRDA:297,18,1,3
BRDA:302,19,0,3
BRDA:302,19,1,0
BRDA:312,20,0,2
BRDA:312,20,1,1
BRDA:318,21,0,2
BRDA:318,21,1,0
BRDA:325,22,0,1
BRDA:325,22,1,0
BRDA:338,23,0,0
BRDA:338,23,1,9
BRDA:344,24,0,9
BRDA:344,24,1,0
BRDA:351,25,0,6
BRDA:351,25,1,3
BRDA:353,26,0,6
BRDA:353,26,1,0
BRDA:360,27,0,2
BRDA:360,27,1,4
BRDA:366,28,0,6
BRDA:366,28,1,0
BRDA:374,29,0,3
BRDA:374,29,1,0
BRDA:380,30,0,2
BRDA:380,30,1,1
BRDA:386,31,0,3
BRDA:386,31,1,0
BRDA:406,32,0,1
BRDA:406,32,1,3
BRDA:417,33,0,3
BRDA:417,33,1,0
BRDA:444,34,0,13
BRDA:444,34,1,1
BRDA:450,35,0,1
BRDA:450,35,1,0
BRDA:464,36,0,4
BRDA:464,36,1,3
BRDA:480,37,0,7
BRDA:480,37,1,57
BRDA:484,38,0,5
BRDA:484,38,1,59
BRDA:503,39,0,4
BRDA:503,39,1,1
BRDA:504,40,0,4
BRDA:504,40,1,0
BRDA:506,41,0,3
BRDA:506,41,1,1
BRDA:509,42,0,2
BRDA:509,42,1,1
BRDA:519,43,0,2
BRDA:519,43,1,3
BRDA:534,44,0,3
BRDA:534,44,1,2
BRF:90
BRH:73
end_of_record
TN:
SF:src/services/permission.js
FN:7,(anonymous_0)
FN:11,(anonymous_1)
FN:58,(anonymous_2)
FNF:3
FNH:0
FNDA:0,(anonymous_0)
FNDA:0,(anonymous_1)
FNDA:0,(anonymous_2)
DA:8,0
DA:12,0
DA:14,0
DA:15,0
DA:16,0
DA:17,0
DA:19,0
DA:20,0
DA:21,0
DA:22,0
DA:24,0
DA:27,0
DA:28,0
DA:29,0
DA:30,0
DA:32,0
DA:33,0
DA:34,0
DA:35,0
DA:37,0
DA:40,0
DA:41,0
DA:42,0
DA:43,0
DA:45,0
DA:46,0
DA:47,0
DA:48,0
DA:50,0
DA:53,0
DA:54,0
DA:55,0
DA:59,0
DA:64,0
DA:65,0
DA:66,0
DA:68,0
DA:72,0
DA:73,0
DA:74,0
DA:76,0
DA:79,0
DA:80,0
DA:81,0
DA:82,0
DA:85,0
DA:86,0
LF:47
LH:0
BRDA:14,0,0,0
BRDA:14,0,1,0
BRDA:27,1,0,0
BRDA:27,1,1,0
BRDA:40,2,0,0
BRDA:40,2,1,0
BRDA:79,3,0,0
BRDA:79,3,1,0
BRDA:79,3,2,0
BRDA:80,4,0,0
BRDA:80,4,1,0
BRF:11
BRH:0
end_of_record
TN:
SF:src/services/secrets.js
FN:20,getSecret
FN:34,setSecret
FN:47,deleteSecret
FN:60,hasSecret
FN:66,(anonymous_4)
FN:67,(anonymous_5)
FN:68,(anonymous_6)
FN:69,(anonymous_7)
FN:71,(anonymous_8)
FN:72,(anonymous_9)
FN:73,(anonymous_10)
FN:74,(anonymous_11)
FN:80,migrateFromConfig
FN:135,validateKeyFormat
FN:160,getSecretsStatus
FNF:15
FNH:13
FNDA:12,getSecret
FNDA:6,setSecret
FNDA:2,deleteSecret
FNDA:7,hasSecret
FNDA:1,(anonymous_4)
FNDA:2,(anonymous_5)
FNDA:3,(anonymous_6)
FNDA:0,(anonymous_7)
FNDA:1,(anonymous_8)
FNDA:2,(anonymous_9)
FNDA:2,(anonymous_10)
FNDA:0,(anonymous_11)
FNDA:5,migrateFromConfig
FNDA:8,validateKeyFormat
FNDA:1,getSecretsStatus
DA:12,1
DA:13,1
DA:21,12
DA:22,12
DA:24,1
DA:25,1
DA:35,6
DA:36,6
DA:38,1
DA:39,1
DA:48,2
DA:49,2
DA:51,1
DA:61,7
DA:62,7
DA:66,1
DA:67,2
DA:68,3
DA:69,1
DA:71,1
DA:72,2
DA:73,2
DA:74,1
DA:81,5
DA:83,4
DA:85,4
DA:86,4
DA:87,4
DA:90,4
DA:91,5
DA:92,1
DA:93,1
DA:94,1
DA:97,1
DA:98,1
DA:99,1
DA:103,3
DA:104,5
DA:105,1
DA:106,1
DA:107,1
DA:110,1
DA:111,1
DA:112,1
DA:116,3
DA:117,2
DA:118,2
DA:121,3
DA:124,1
DA:125,1
DA:136,8
DA:137,3
DA:140,5
DA:141,3
DA:142,1
DA:144,2
DA:145,1
DA:147,2
DA:148,2
DA:149,1
DA:153,2
DA:161,1
LF:62
LH:62
BRDA:81,0,0,1
BRDA:81,0,1,4
BRDA:90,1,0,4
BRDA:90,1,1,1
BRDA:91,2,0,1
BRDA:91,2,1,4
BRDA:91,3,0,5
BRDA:91,3,1,2
BRDA:103,4,0,3
BRDA:103,4,1,3
BRDA:104,5,0,1
BRDA:104,5,1,4
BRDA:104,6,0,5
BRDA:104,6,1,1
BRDA:116,7,0,2
BRDA:116,7,1,1
BRDA:136,8,0,3
BRDA:136,8,1,5
BRDA:136,9,0,8
BRDA:136,9,1,5
BRDA:140,10,0,3
BRDA:140,10,1,2
BRDA:141,11,0,1
BRDA:141,11,1,2
BRDA:144,12,0,1
BRDA:144,12,1,1
BRDA:147,13,0,2
BRDA:147,13,1,0
BRDA:148,14,0,1
BRDA:148,14,1,1
BRF:30
BRH:29
end_of_record
TN:
SF:src/services/training-mode.js
FN:46,(anonymous_0)
FN:61,(anonymous_1)
FN:70,(anonymous_2)
FN:77,(anonymous_3)
FN:84,(anonymous_4)
FN:97,(anonymous_5)
FN:132,(anonymous_6)
FN:160,(anonymous_7)
FN:207,(anonymous_8)
FN:214,(anonymous_9)
FN:231,(anonymous_10)
FN:273,(anonymous_11)
FN:301,(anonymous_12)
FN:329,(anonymous_13)
FN:334,(anonymous_14)
FN:337,(anonymous_15)
FN:353,(anonymous_16)
FN:376,(anonymous_17)
FN:407,(anonymous_18)
FN:420,(anonymous_19)
FN:425,(anonymous_20)
FN:433,(anonymous_21)
FN:446,(anonymous_22)
FN:460,(anonymous_23)
FNF:24
FNH:20
FNDA:69,(anonymous_0)
FNDA:65,(anonymous_1)
FNDA:31,(anonymous_2)
FNDA:88,(anonymous_3)
FNDA:118,(anonymous_4)
FNDA:49,(anonymous_5)
FNDA:17,(anonymous_6)
FNDA:20,(anonymous_7)
FNDA:29,(anonymous_8)
FNDA:3,(anonymous_9)
FNDA:32,(anonymous_10)
FNDA:17,(anonymous_11)
FNDA:0,(anonymous_12)
FNDA:16,(anonymous_13)
FNDA:21,(anonymous_14)
FNDA:0,(anonymous_15)
FNDA:9,(anonymous_16)
FNDA:7,(anonymous_17)
FNDA:83,(anonymous_18)
FNDA:107,(anonymous_19)
FNDA:0,(anonymous_20)
FNDA:0,(anonymous_21)
FNDA:142,(anonymous_22)
FNDA:17,(anonymous_23)
DA:13,1
DA:25,1
DA:34,1
DA:47,69
DA:48,69
DA:49,69
DA:50,69
DA:53,69
DA:54,69
DA:55,69
DA:62,65
DA:63,65
DA:64,65
DA:71,31
DA:78,88
DA:85,118
DA:86,118
DA:87,118
DA:89,118
DA:90,118
DA:98,49
DA:99,1
DA:100,1
DA:104,48
DA:117,48
DA:119,48
DA:120,48
DA:124,48
DA:126,48
DA:133,17
DA:134,1
DA:137,16
DA:139,16
DA:140,6
DA:141,6
DA:142,6
DA:145,10
DA:146,10
DA:150,16
DA:151,16
DA:152,16
DA:161,20
DA:162,1
DA:166,19
DA:169,19
DA:171,19
DA:174,19
DA:175,3
DA:176,3
DA:180,16
DA:182,8
DA:183,8
DA:186,5
DA:187,5
DA:190,0
DA:191,0
DA:194,3
DA:195,3
DA:198,0
DA:201,16
DA:208,29
DA:215,3
DA:216,3
DA:219,0
DA:220,0
DA:221,0
DA:223,0
DA:234,32
DA:236,32
DA:237,28
DA:238,28
DA:239,28
DA:242,28
DA:243,28
DA:244,28
DA:247,28
DA:249,28
DA:250,28
DA:252,28
DA:253,28
DA:256,28
DA:259,4
DA:260,4
DA:262,4
DA:263,4
DA:266,4
DA:274,17
DA:277,17
DA:278,7
DA:279,7
DA:283,10
DA:284,10
DA:286,17
DA:288,17
DA:289,17
DA:291,17
DA:292,10
DA:295,10
DA:302,0
DA:305,0
DA:306,0
DA:307,0
DA:310,0
DA:315,0
DA:316,0
DA:317,0
DA:319,0
DA:320,0
DA:323,0
DA:330,16
DA:333,16
DA:334,21
DA:335,16
DA:336,0
DA:337,0
DA:338,0
DA:341,16
DA:343,16
DA:344,16
DA:347,16
DA:354,9
DA:356,9
DA:357,5
DA:358,4
DA:359,3
DA:362,1
DA:363,1
DA:365,1
DA:366,1
DA:369,1
DA:377,7
DA:378,1
DA:381,6
DA:383,6
DA:386,6
DA:387,7
DA:389,6
DA:390,0
DA:392,0
DA:399,0
DA:400,0
DA:408,83
DA:409,83
DA:421,107
DA:424,107
DA:425,107
DA:426,0
DA:427,0
DA:433,107
DA:434,0
DA:435,0
DA:436,0
DA:438,0
DA:447,142
DA:448,75
DA:449,75
DA:451,142
DA:452,75
DA:453,75
DA:461,17
DA:466,1
LF:161
LH:130
BRDA:89,0,0,118
BRDA:89,0,1,0
BRDA:98,1,0,1
BRDA:98,1,1,48
BRDA:119,2,0,48
BRDA:119,2,1,0
BRDA:132,3,0,17
BRDA:133,4,0,1
BRDA:133,4,1,16
BRDA:139,5,0,6
BRDA:139,5,1,10
BRDA:139,6,0,16
BRDA:139,6,1,6
BRDA:141,7,0,6
BRDA:141,7,1,0
BRDA:145,8,0,10
BRDA:145,8,1,0
BRDA:161,9,0,1
BRDA:161,9,1,19
BRDA:174,10,0,3
BRDA:174,10,1,16
BRDA:180,11,0,16
BRDA:180,11,1,5
BRDA:180,11,2,0
BRDA:180,11,3,3
BRDA:180,11,4,0
BRDA:215,12,0,3
BRDA:215,12,1,0
BRDA:219,13,0,0
BRDA:219,13,1,0
BRDA:219,14,0,0
BRDA:219,14,1,0
BRDA:219,14,2,0
BRDA:236,15,0,28
BRDA:236,15,1,4
BRDA:243,16,0,28
BRDA:243,16,1,0
BRDA:249,17,0,28
BRDA:249,17,1,0
BRDA:252,18,0,28
BRDA:252,18,1,0
BRDA:262,19,0,4
BRDA:262,19,1,0
BRDA:277,20,0,7
BRDA:277,20,1,10
BRDA:284,21,0,3
BRDA:284,21,1,7
BRDA:291,22,0,10
BRDA:291,22,1,7
BRDA:305,23,0,0
BRDA:305,23,1,0
BRDA:319,24,0,0
BRDA:319,24,1,0
BRDA:333,25,0,16
BRDA:333,25,1,0
BRDA:336,26,0,0
BRDA:336,26,1,0
BRDA:343,27,0,16
BRDA:343,27,1,0
BRDA:356,28,0,5
BRDA:356,28,1,4
BRDA:358,29,0,3
BRDA:358,29,1,1
BRDA:365,30,0,1
BRDA:365,30,1,0
BRDA:377,31,0,1
BRDA:377,31,1,6
BRDA:383,32,0,6
BRDA:383,32,1,0
BRDA:390,33,0,0
BRDA:390,33,1,0
BRDA:394,34,0,0
BRDA:394,34,1,0
BRDA:408,35,0,83
BRDA:408,35,1,0
BRDA:424,36,0,107
BRDA:424,36,1,0
BRDA:426,37,0,0
BRDA:426,37,1,0
BRDA:435,38,0,0
BRDA:435,38,1,0
BRDA:435,39,0,0
BRDA:435,39,1,0
BRDA:435,39,2,0
BRDA:447,40,0,75
BRDA:447,40,1,67
BRDA:451,41,0,75
BRDA:451,41,1,67
BRF:88
BRH:49
end_of_record
TN:
SF:src/services/transcriber.js
FN:12,(anonymous_0)
FN:24,(anonymous_1)
FN:33,(anonymous_2)
FN:42,(anonymous_3)
FN:60,(anonymous_4)
FN:65,(anonymous_5)
FN:74,(anonymous_6)
FN:79,(anonymous_7)
FN:84,(anonymous_8)
FN:97,(anonymous_9)
FN:105,(anonymous_10)
FN:126,(anonymous_11)
FN:131,(anonymous_12)
FN:137,(anonymous_13)
FN:142,(anonymous_14)
FN:148,(anonymous_15)
FN:155,(anonymous_16)
FNF:17
FNH:0
FNDA:0,(anonymous_0)
FNDA:0,(anonymous_1)
FNDA:0,(anonymous_2)
FNDA:0,(anonymous_3)
FNDA:0,(anonymous_4)
FNDA:0,(anonymous_5)
FNDA:0,(anonymous_6)
FNDA:0,(anonymous_7)
FNDA:0,(anonymous_8)
FNDA:0,(anonymous_9)
FNDA:0,(anonymous_10)
FNDA:0,(anonymous_11)
FNDA:0,(anonymous_12)
FNDA:0,(anonymous_13)
FNDA:0,(anonymous_14)
FNDA:0,(anonymous_15)
FNDA:0,(anonymous_16)
DA:9,0
DA:13,0
DA:14,0
DA:15,0
DA:16,0
DA:17,0
DA:18,0
DA:19,0
DA:20,0
DA:21,0
DA:23,0
DA:24,0
DA:25,0
DA:26,0
DA:27,0
DA:28,0
DA:34,0
DA:35,0
DA:36,0
DA:38,0
DA:39,0
DA:43,0
DA:45,0
DA:47,0
DA:48,0
DA:50,0
DA:60,0
DA:61,0
DA:62,0
DA:65,0
DA:66,0
DA:67,0
DA:68,0
DA:71,0
DA:74,0
DA:75,0
DA:76,0
DA:79,0
DA:80,0
DA:85,0
DA:86,0
DA:88,0
DA:90,0
DA:91,0
DA:98,0
DA:100,0
DA:105,0
DA:106,0
DA:109,0
DA:111,0
DA:112,0
DA:116,0
DA:119,0
DA:120,0
DA:122,0
DA:126,0
DA:127,0
DA:128,0
DA:131,0
DA:132,0
DA:133,0
DA:138,0
DA:139,0
DA:142,0
DA:143,0
DA:144,0
DA:149,0
DA:150,0
DA:151,0
DA:156,0
DA:158,0
DA:159,0
DA:161,0
DA:164,0
DA:165,0
DA:166,0
DA:168,0
DA:169,0
DA:171,0
DA:172,0
DA:174,0
DA:176,0
DA:177,0
DA:179,0
LF:84
LH:0
BRDA:23,0,0,0
BRDA:23,0,1,0
BRDA:25,1,0,0
BRDA:25,1,1,0
BRDA:26,2,0,0
BRDA:26,2,1,0
BRDA:26,3,0,0
BRDA:26,3,1,0
BRDA:34,4,0,0
BRDA:34,4,1,0
BRDA:35,5,0,0
BRDA:35,5,1,0
BRDA:43,6,0,0
BRDA:43,6,1,0
BRDA:43,7,0,0
BRDA:43,7,1,0
BRDA:85,8,0,0
BRDA:85,8,1,0
BRDA:88,9,0,0
BRDA:88,9,1,0
BRDA:88,10,0,0
BRDA:88,10,1,0
BRDA:98,11,0,0
BRDA:98,11,1,0
BRDA:101,12,0,0
BRDA:101,12,1,0
BRDA:106,13,0,0
BRDA:106,13,1,0
BRDA:106,14,0,0
BRDA:106,14,1,0
BRDA:109,15,0,0
BRDA:109,15,1,0
BRDA:137,16,0,0
BRDA:138,17,0,0
BRDA:138,17,1,0
BRDA:149,18,0,0
BRDA:149,18,1,0
BRDA:155,19,0,0
BRDA:156,20,0,0
BRDA:156,20,1,0
BRDA:158,21,0,0
BRDA:158,21,1,0
BRDA:171,22,0,0
BRDA:171,22,1,0
BRDA:171,23,0,0
BRDA:171,23,1,0
BRDA:176,24,0,0
BRDA:176,24,1,0
BRF:48
BRH:0
end_of_record
TN:
SF:src/services/typer.js
FN:5,(anonymous_0)
FN:12,(anonymous_1)
FN:53,(anonymous_2)
FN:54,(anonymous_3)
FN:59,(anonymous_4)
FN:76,(anonymous_5)
FN:95,(anonymous_6)
FN:103,(anonymous_7)
FN:117,(anonymous_8)
FN:131,(anonymous_9)
FN:156,(anonymous_10)
FN:159,(anonymous_11)
FN:164,(anonymous_12)
FN:192,(anonymous_13)
FN:194,(anonymous_14)
FN:199,(anonymous_15)
FN:225,(anonymous_16)
FN:227,(anonymous_17)
FN:232,(anonymous_18)
FN:258,(anonymous_19)
FN:260,(anonymous_20)
FN:265,(anonymous_21)
FN:291,(anonymous_22)
FN:293,(anonymous_23)
FN:298,(anonymous_24)
FN:322,(anonymous_25)
FN:324,(anonymous_26)
FN:329,(anonymous_27)
FN:346,(anonymous_28)
FN:353,(anonymous_29)
FN:360,(anonymous_30)
FN:367,(anonymous_31)
FN:374,(anonymous_32)
FN:381,(anonymous_33)
FN:385,(anonymous_34)
FN:386,(anonymous_35)
FN:410,(anonymous_36)
FN:412,(anonymous_37)
FN:417,(anonymous_38)
FN:442,(anonymous_39)
FN:444,(anonymous_40)
FN:449,(anonymous_41)
FN:466,(anonymous_42)
FN:491,(anonymous_43)
FN:493,(anonymous_44)
FN:498,(anonymous_45)
FN:522,(anonymous_46)
FN:524,(anonymous_47)
FN:529,(anonymous_48)
FN:553,(anonymous_49)
FN:555,(anonymous_50)
FN:560,(anonymous_51)
FN:584,(anonymous_52)
FN:586,(anonymous_53)
FN:591,(anonymous_54)
FN:608,(anonymous_55)
FN:622,(anonymous_56)
FN:652,(anonymous_57)
FN:654,(anonymous_58)
FN:659,(anonymous_59)
FN:679,(anonymous_60)
FN:681,(anonymous_61)
FN:686,(anonymous_62)
FN:705,(anonymous_63)
FN:707,(anonymous_64)
FN:712,(anonymous_65)
FN:742,(anonymous_66)
FN:744,(anonymous_67)
FN:749,(anonymous_68)
FN:781,(anonymous_69)
FN:783,(anonymous_70)
FN:788,(anonymous_71)
FN:807,(anonymous_72)
FN:809,(anonymous_73)
FN:814,(anonymous_74)
FN:836,(anonymous_75)
FN:843,(anonymous_76)
FN:846,(anonymous_77)
FN:851,(anonymous_78)
FN:871,(anonymous_79)
FN:878,(anonymous_80)
FN:879,(anonymous_81)
FN:882,(anonymous_82)
FN:883,(anonymous_83)
FN:886,(anonymous_84)
FN:887,(anonymous_85)
FN:908,(anonymous_86)
FN:910,(anonymous_87)
FN:915,(anonymous_88)
FNF:89
FNH:0
FNDA:0,(anonymous_0)
FNDA:0,(anonymous_1)
FNDA:0,(anonymous_2)
FNDA:0,(anonymous_3)
FNDA:0,(anonymous_4)
FNDA:0,(anonymous_5)
FNDA:0,(anonymous_6)
FNDA:0,(anonymous_7)
FNDA:0,(anonymous_8)
FNDA:0,(anonymous_9)
FNDA:0,(anonymous_10)
FNDA:0,(anonymous_11)
FNDA:0,(anonymous_12)
FNDA:0,(anonymous_13)
FNDA:0,(anonymous_14)
FNDA:0,(anonymous_15)
FNDA:0,(anonymous_16)
FNDA:0,(anonymous_17)
FNDA:0,(anonymous_18)
FNDA:0,(anonymous_19)
FNDA:0,(anonymous_20)
FNDA:0,(anonymous_21)
FNDA:0,(anonymous_22)
FNDA:0,(anonymous_23)
FNDA:0,(anonymous_24)
FNDA:0,(anonymous_25)
FNDA:0,(anonymous_26)
FNDA:0,(anonymous_27)
FNDA:0,(anonymous_28)
FNDA:0,(anonymous_29)
FNDA:0,(anonymous_30)
FNDA:0,(anonymous_31)
FNDA:0,(anonymous_32)
FNDA:0,(anonymous_33)
FNDA:0,(anonymous_34)
FNDA:0,(anonymous_35)
FNDA:0,(anonymous_36)
FNDA:0,(anonymous_37)
FNDA:0,(anonymous_38)
FNDA:0,(anonymous_39)
FNDA:0,(anonymous_40)
FNDA:0,(anonymous_41)
FNDA:0,(anonymous_42)
FNDA:0,(anonymous_43)
FNDA:0,(anonymous_44)
FNDA:0,(anonymous_45)
FNDA:0,(anonymous_46)
FNDA:0,(anonymous_47)
FNDA:0,(anonymous_48)
FNDA:0,(anonymous_49)
FNDA:0,(anonymous_50)
FNDA:0,(anonymous_51)
FNDA:0,(anonymous_52)
FNDA:0,(anonymous_53)
FNDA:0,(anonymous_54)
FNDA:0,(anonymous_55)
FNDA:0,(anonymous_56)
FNDA:0,(anonymous_57)
FNDA:0,(anonymous_58)
FNDA:0,(anonymous_59)
FNDA:0,(anonymous_60)
FNDA:0,(anonymous_61)
FNDA:0,(anonymous_62)
FNDA:0,(anonymous_63)
FNDA:0,(anonymous_64)
FNDA:0,(anonymous_65)
FNDA:0,(anonymous_66)
FNDA:0,(anonymous_67)
FNDA:0,(anonymous_68)
FNDA:0,(anonymous_69)
FNDA:0,(anonymous_70)
FNDA:0,(anonymous_71)
FNDA:0,(anonymous_72)
FNDA:0,(anonymous_73)
FNDA:0,(anonymous_74)
FNDA:0,(anonymous_75)
FNDA:0,(anonymous_76)
FNDA:0,(anonymous_77)
FNDA:0,(anonymous_78)
FNDA:0,(anonymous_79)
FNDA:0,(anonymous_80)
FNDA:0,(anonymous_81)
FNDA:0,(anonymous_82)
FNDA:0,(anonymous_83)
FNDA:0,(anonymous_84)
FNDA:0,(anonymous_85)
FNDA:0,(anonymous_86)
FNDA:0,(anonymous_87)
FNDA:0,(anonymous_88)
DA:6,0
DA:7,0
DA:8,0
DA:9,0
DA:13,0
DA:15,0
DA:16,0
DA:17,0
DA:20,0
DA:21,0
DA:23,0
DA:24,0
DA:26,0
DA:27,0
DA:36,0
DA:45,0
DA:54,0
DA:55,0
DA:60,0
DA:61,0
DA:63,0
DA:77,0
DA:80,0
DA:83,0
DA:86,0
DA:89,0
DA:96,0
DA:97,0
DA:104,0
DA:105,0
DA:106,0
DA:107,0
DA:109,0
DA:110,0
DA:118,0
DA:119,0
DA:120,0
DA:121,0
DA:123,0
DA:124,0
DA:132,0
DA:133,0
DA:134,0
DA:135,0
DA:137,0
DA:138,0
DA:145,0
DA:157,0
DA:158,0
DA:159,0
DA:160,0
DA:165,0
DA:166,0
DA:168,0
DA:172,0
DA:173,0
DA:175,0
DA:176,0
DA:183,0
DA:193,0
DA:194,0
DA:195,0
DA:200,0
DA:201,0
DA:203,0
DA:207,0
DA:208,0
DA:210,0
DA:211,0
DA:218,0
DA:226,0
DA:227,0
DA:228,0
DA:233,0
DA:234,0
DA:236,0
DA:240,0
DA:241,0
DA:243,0
DA:244,0
DA:251,0
DA:259,0
DA:260,0
DA:261,0
DA:266,0
DA:267,0
DA:269,0
DA:273,0
DA:274,0
DA:276,0
DA:277,0
DA:284,0
DA:292,0
DA:293,0
DA:294,0
DA:299,0
DA:300,0
DA:304,0
DA:305,0
DA:307,0
DA:308,0
DA:315,0
DA:323,0
DA:324,0
DA:325,0
DA:330,0
DA:331,0
DA:335,0
DA:336,0
DA:338,0
DA:339,0
DA:347,0
DA:354,0
DA:361,0
DA:368,0
DA:375,0
DA:382,0
DA:383,0
DA:384,0
DA:385,0
DA:386,0
DA:387,0
DA:388,0
DA:391,0
DA:392,0
DA:394,0
DA:395,0
DA:402,0
DA:411,0
DA:412,0
DA:413,0
DA:418,0
DA:419,0
DA:423,0
DA:424,0
DA:426,0
DA:427,0
DA:434,0
DA:443,0
DA:444,0
DA:445,0
DA:450,0
DA:451,0
DA:455,0
DA:456,0
DA:458,0
DA:459,0
DA:468,0
DA:469,0
DA:470,0
DA:471,0
DA:472,0
DA:473,0
DA:474,0
DA:476,0
DA:477,0
DA:484,0
DA:492,0
DA:493,0
DA:494,0
DA:499,0
DA:500,0
DA:504,0
DA:505,0
DA:507,0
DA:508,0
DA:515,0
DA:523,0
DA:524,0
DA:525,0
DA:530,0
DA:531,0
DA:535,0
DA:536,0
DA:538,0
DA:539,0
DA:546,0
DA:554,0
DA:555,0
DA:556,0
DA:561,0
DA:562,0
DA:566,0
DA:567,0
DA:569,0
DA:570,0
DA:577,0
DA:585,0
DA:586,0
DA:587,0
DA:592,0
DA:593,0
DA:597,0
DA:598,0
DA:600,0
DA:601,0
DA:609,0
DA:610,0
DA:611,0
DA:612,0
DA:614,0
DA:615,0
DA:623,0
DA:624,0
DA:625,0
DA:626,0
DA:628,0
DA:629,0
DA:636,0
DA:644,0
DA:653,0
DA:654,0
DA:655,0
DA:660,0
DA:661,0
DA:663,0
DA:672,0
DA:680,0
DA:681,0
DA:682,0
DA:687,0
DA:688,0
DA:690,0
DA:694,0
DA:695,0
DA:697,0
DA:698,0
DA:706,0
DA:707,0
DA:708,0
DA:713,0
DA:714,0
DA:716,0
DA:720,0
DA:722,0
DA:723,0
DA:730,0
DA:743,0
DA:744,0
DA:745,0
DA:750,0
DA:751,0
DA:753,0
DA:757,0
DA:758,0
DA:760,0
DA:761,0
DA:768,0
DA:782,0
DA:783,0
DA:784,0
DA:789,0
DA:790,0
DA:792,0
DA:796,0
DA:797,0
DA:799,0
DA:800,0
DA:808,0
DA:809,0
DA:810,0
DA:815,0
DA:816,0
DA:818,0
DA:822,0
DA:824,0
DA:825,0
DA:837,0
DA:839,0
DA:840,0
DA:841,0
DA:843,0
DA:844,0
DA:846,0
DA:847,0
DA:848,0
DA:851,0
DA:852,0
DA:853,0
DA:857,0
DA:858,0
DA:860,0
DA:861,0
DA:863,0
DA:864,0
DA:872,0
DA:873,0
DA:874,0
DA:875,0
DA:878,0
DA:879,0
DA:882,0
DA:883,0
DA:886,0
DA:887,0
DA:890,0
DA:891,0
DA:892,0
DA:896,0
DA:897,0
DA:898,0
DA:899,0
DA:901,0
DA:909,0
DA:910,0
DA:911,0
DA:916,0
DA:917,0
DA:919,0
DA:924,0
DA:925,0
DA:926,0
DA:928,0
DA:929,0
DA:932,0
DA:933,0
LF:316
LH:0
BRDA:13,0,0,0
BRDA:13,0,1,0
BRDA:16,1,0,0
BRDA:16,1,1,0
BRDA:23,2,0,0
BRDA:23,2,1,0
BRDA:53,3,0,0
BRDA:57,4,0,0
BRDA:57,4,1,0
BRDA:60,5,0,0
BRDA:60,5,1,0
BRDA:77,6,0,0
BRDA:77,6,1,0
BRDA:157,7,0,0
BRDA:157,7,1,0
BRDA:165,8,0,0
BRDA:165,8,1,0
BRDA:200,9,0,0
BRDA:200,9,1,0
BRDA:233,10,0,0
BRDA:233,10,1,0
BRDA:266,11,0,0
BRDA:266,11,1,0
BRDA:299,12,0,0
BRDA:299,12,1,0
BRDA:330,13,0,0
BRDA:330,13,1,0
BRDA:381,14,0,0
BRDA:382,15,0,0
BRDA:382,15,1,0
BRDA:387,16,0,0
BRDA:387,16,1,0
BRDA:391,17,0,0
BRDA:391,17,1,0
BRDA:418,18,0,0
BRDA:418,18,1,0
BRDA:450,19,0,0
BRDA:450,19,1,0
BRDA:470,20,0,0
BRDA:470,20,1,0
BRDA:499,21,0,0
BRDA:499,21,1,0
BRDA:530,22,0,0
BRDA:530,22,1,0
BRDA:561,23,0,0
BRDA:561,23,1,0
BRDA:592,24,0,0
BRDA:592,24,1,0
BRDA:652,25,0,0
BRDA:653,26,0,0
BRDA:653,26,1,0
BRDA:660,27,0,0
BRDA:660,27,1,0
BRDA:687,28,0,0
BRDA:687,28,1,0
BRDA:713,29,0,0
BRDA:713,29,1,0
BRDA:750,30,0,0
BRDA:750,30,1,0
BRDA:789,31,0,0
BRDA:789,31,1,0
BRDA:815,32,0,0
BRDA:815,32,1,0
BRDA:836,33,0,0
BRDA:836,34,0,0
BRDA:837,35,0,0
BRDA:837,35,1,0
BRDA:873,36,0,0
BRDA:873,36,1,0
BRDA:908,37,0,0
BRDA:908,38,0,0
BRDA:916,39,0,0
BRDA:916,39,1,0
BRDA:924,40,0,0
BRDA:924,40,1,0
BRF:75
BRH:0
end_of_record
TN:
SF:src/utils/phonetic-variations.js
FN:42,generateVariations
FN:90,createCommandVariations
FNF:2
FNH:2
FNDA:12,generateVariations
FNDA:3,createCommandVariations
DA:11,1
DA:43,12
DA:44,12
DA:47,12
DA:48,23
DA:51,23
DA:52,12
DA:53,77
DA:54,77
DA:55,77
DA:60,23
DA:61,414
DA:62,73
DA:63,234
DA:64,234
DA:65,234
DA:66,234
DA:67,234
DA:75,12
DA:76,9
DA:77,9
DA:80,12
DA:91,3
DA:92,3
DA:94,3
DA:95,61
DA:96,61
DA:99,3
LF:28
LH:28
BRDA:51,0,0,12
BRDA:51,0,1,11
BRDA:61,1,0,73
BRDA:61,1,1,341
BRDA:61,2,0,414
BRDA:61,2,1,341
BRDA:64,3,0,234
BRDA:64,3,1,0
BRDA:75,4,0,9
BRDA:75,4,1,3
BRDA:90,5,0,3
BRDA:95,6,0,23
BRDA:95,6,1,38
BRF:13
BRH:12
end_of_record
